Traceback (most recent call last):
  File "/home/nickadkins47/CS4900/CS4900-PA7/.venv/lib/python3.10/site-packages/gymnasium/envs/box2d/bipedal_walker.py", line 15, in <module>
    import Box2D
ModuleNotFoundError: No module named 'Box2D'

The above exception was the direct cause of the following exception:

Traceback (most recent call last):
  File "/home/nickadkins47/CS4900/CS4900-PA7/src/train.py", line 27, in <module>
    env = DummyVecEnv([make_env])
  File "/home/nickadkins47/CS4900/CS4900-PA7/.venv/lib/python3.10/site-packages/stable_baselines3/common/vec_env/dummy_vec_env.py", line 31, in __init__
    self.envs = [_patch_env(fn()) for fn in env_fns]
  File "/home/nickadkins47/CS4900/CS4900-PA7/.venv/lib/python3.10/site-packages/stable_baselines3/common/vec_env/dummy_vec_env.py", line 31, in <listcomp>
    self.envs = [_patch_env(fn()) for fn in env_fns]
  File "/home/nickadkins47/CS4900/CS4900-PA7/src/train.py", line 23, in make_env
    env = gym.make(config["env_name"], render_mode="rgb_array")
  File "/home/nickadkins47/CS4900/CS4900-PA7/.venv/lib/python3.10/site-packages/gymnasium/envs/registration.py", line 704, in make
    env_creator = load_env_creator(env_spec.entry_point)
  File "/home/nickadkins47/CS4900/CS4900-PA7/.venv/lib/python3.10/site-packages/gymnasium/envs/registration.py", line 551, in load_env_creator
    mod = importlib.import_module(mod_name)
  File "/usr/lib/python3.10/importlib/__init__.py", line 126, in import_module
    return _bootstrap._gcd_import(name[level:], package, level)
  File "<frozen importlib._bootstrap>", line 1050, in _gcd_import
  File "<frozen importlib._bootstrap>", line 1027, in _find_and_load
  File "<frozen importlib._bootstrap>", line 992, in _find_and_load_unlocked
  File "<frozen importlib._bootstrap>", line 241, in _call_with_frames_removed
  File "<frozen importlib._bootstrap>", line 1050, in _gcd_import
  File "<frozen importlib._bootstrap>", line 1027, in _find_and_load
  File "<frozen importlib._bootstrap>", line 1006, in _find_and_load_unlocked
  File "<frozen importlib._bootstrap>", line 688, in _load_unlocked
  File "<frozen importlib._bootstrap_external>", line 883, in exec_module
  File "<frozen importlib._bootstrap>", line 241, in _call_with_frames_removed
  File "/home/nickadkins47/CS4900/CS4900-PA7/.venv/lib/python3.10/site-packages/gymnasium/envs/box2d/__init__.py", line 1, in <module>
    from gymnasium.envs.box2d.bipedal_walker import BipedalWalker, BipedalWalkerHardcore
  File "/home/nickadkins47/CS4900/CS4900-PA7/.venv/lib/python3.10/site-packages/gymnasium/envs/box2d/bipedal_walker.py", line 25, in <module>
    raise DependencyNotInstalled(
gymnasium.error.DependencyNotInstalled: Box2D is not installed, you can install it by run `pip install swig` followed by `pip install "gymnasium[box2d]"`
